2025-09-07 10:03:31 INFO  com.crm.qa.testcases.LoginPageTest - loginfo>>It will go to the testBase
2025-09-07 10:03:31 INFO  com.crm.qa.testcases.LoginPageTest - loginfo>>back to login page
2025-09-07 10:03:32 INFO  com.crm.qa.testcases.LoginPageTest - loginfo>>>start BeforeMethod
2025-09-07 10:03:32 INFO  com.crm.qa.testcases.LoginPageTest - loginfo>>>>>>>>>>>>>>>>>>>>>>>Start Driver <<<<<<<<<<<<<<<<<<<<<<
2025-09-07 10:03:42 INFO  com.crm.qa.testcases.LoginPageTest - loginfo>>launch the browser
2025-09-07 10:03:42 INFO  com.crm.qa.testcases.LoginPageTest - loginfo>>entering application URL
2025-09-07 10:03:42 INFO  com.crm.qa.testcases.LoginPageTest - loginfo>>start login into the application
2025-09-07 10:03:42 INFO  com.crm.qa.testcases.LoginPageTest - loginfo>>********************************* TestCase1 :: loginPageTitleTest {start}***************************
2025-09-07 10:03:42 INFO  com.crm.qa.testcases.LoginPageTest - loginfo>>********************************* loginPageTitleTest ***************************
2025-09-07 10:03:42 INFO  com.crm.qa.testcases.LoginPageTest - loginfo>>loginPageTitle is >>>> Login - VWO
2025-09-07 10:03:42 INFO  com.crm.qa.testcases.LoginPageTest - loginfo>>********************************* TestCase1 :: loginPageTitleTest ***************************
2025-09-07 10:03:42 INFO  com.crm.qa.testcases.LoginPageTest - loginfo>>********************************* loginPageTitleTest {end}***************************
2025-09-07 10:03:43 INFO  com.crm.qa.testcases.LoginPageTest - loginfo>>>>>>>>>>>>>>>>>>>>>>>End Driver <<<<<<<<<<<<<<<<<<<<<<
2025-09-07 10:03:43 INFO  com.crm.qa.testcases.LoginPageTest - TearDown
2025-09-07 10:03:43 INFO  com.crm.qa.testcases.LoginPageTest - loginfo>>>start BeforeMethod
2025-09-07 10:03:43 INFO  com.crm.qa.testcases.LoginPageTest - loginfo>>>>>>>>>>>>>>>>>>>>>>>Start Driver <<<<<<<<<<<<<<<<<<<<<<
2025-09-07 10:03:52 INFO  com.crm.qa.testcases.LoginPageTest - loginfo>>launch the browser
2025-09-07 10:03:52 INFO  com.crm.qa.testcases.LoginPageTest - loginfo>>entering application URL
2025-09-07 10:03:52 INFO  com.crm.qa.testcases.LoginPageTest - loginfo>>start login into the application
2025-09-07 10:03:52 INFO  com.crm.qa.testcases.LoginPageTest - loginfo>>********************************* TestCase2 :: CRMLOGOImageTest {start}***************************
2025-09-07 10:03:52 INFO  com.crm.qa.testcases.LoginPageTest - loginfo>>********************************* CRMLOGOImageTest ***************************
2025-09-07 10:03:52 INFO  com.crm.qa.testcases.LoginPageTest - loginfo>>loginPageLOGO is >>>> true
2025-09-07 10:03:52 INFO  com.crm.qa.testcases.LoginPageTest - loginfo>>********************************* TestCase2 :: CRMLOGOImageTest ***************************
2025-09-07 10:03:52 INFO  com.crm.qa.testcases.LoginPageTest - loginfo>>********************************* CRMLOGOImageTest {end}***************************
2025-09-07 10:03:53 INFO  com.crm.qa.testcases.LoginPageTest - loginfo>>>>>>>>>>>>>>>>>>>>>>>End Driver <<<<<<<<<<<<<<<<<<<<<<
2025-09-07 10:03:53 INFO  com.crm.qa.testcases.LoginPageTest - TearDown
